2026-03-14 13:34:53,092 - test_OrangeHRM_Login_DDT_003 - INFO - Starting Test: Verify OrangeHRM Login Functionality
2026-03-14 13:34:53,128 - test_OrangeHRM_Login_DDT_003 - INFO - Total Rows: 5
2026-03-14 13:34:53,453 - test_OrangeHRM_Login_DDT_003 - INFO - Test Data: Username = Admin, Password = admin123, Expected Result = Login Successfull
2026-03-14 13:34:53,453 - test_OrangeHRM_Login_DDT_003 - INFO - Test Case: Verify OrangeHRM Login
2026-03-14 13:34:53,611 - test_verify_url_001 - INFO - Test Case: Verify OrangeHRM Login Page URL
2026-03-14 13:34:59,877 - test_OrangeHRM_Login_002 - INFO - Test Case: Verify OrangeHRM Login
2026-03-14 13:35:09,735 - test_verify_url_001 - INFO - Navigated to OrangeHRM Login Page
2026-03-14 13:35:09,743 - test_verify_url_001 - INFO - Test Passed
2026-03-14 13:35:09,744 - test_verify_url_001 - INFO - Screenshot saved: Screenshots\test_verify_url_pass.png
2026-03-14 13:35:10,015 - test_verify_url_001 - INFO - Test Case Completed
2026-03-14 13:35:10,016 - test_verify_url_001 - INFO - ============================================================
2026-03-14 13:35:11,002 - test_OrangeHRM_Login_DDT_003 - INFO - OrangeHRM Login page Loaded
2026-03-14 13:35:11,003 - test_OrangeHRM_Login_DDT_003 - INFO - Entering Username=Admin
2026-03-14 13:35:16,064 - test_OrangeHRM_Login_002 - INFO - Navigated to OrangeHRM Login Page
2026-03-14 13:35:16,073 - test_OrangeHRM_Login_002 - INFO - Entering Username
2026-03-14 13:35:16,744 - test_OrangeHRM_Login_DDT_003 - INFO - Entering Password=admin123
2026-03-14 13:35:17,168 - test_OrangeHRM_Login_DDT_003 - INFO - Clicking Login Button
2026-03-14 13:35:18,016 - test_OrangeHRM_Login_002 - INFO - Entering Password
2026-03-14 13:35:18,121 - test_OrangeHRM_Login_002 - INFO - Clicking Login Button
2026-03-14 13:35:22,339 - test_OrangeHRM_Login_002 - INFO - Verifying Login
2026-03-14 13:35:23,227 - test_OrangeHRM_Login_DDT_003 - INFO - Login Successful for Username = Admin
2026-03-14 13:35:23,228 - test_OrangeHRM_Login_DDT_003 - INFO - Screenshot saved: Screenshots\test_OrangeHRM_Login_DDT_003_pass_{username}.png
2026-03-14 13:35:23,646 - test_OrangeHRM_Login_DDT_003 - INFO - Clicking Menu Button
2026-03-14 13:35:24,147 - test_OrangeHRM_Login_DDT_003 - INFO - Clicking Logout Button
2026-03-14 13:35:24,370 - test_OrangeHRM_Login_002 - INFO - Test Passed
2026-03-14 13:35:24,371 - test_OrangeHRM_Login_002 - INFO - Screenshot saved: Screenshots\test_OrangeHRM_Login_002_pass.png
2026-03-14 13:35:24,930 - test_OrangeHRM_Login_002 - INFO - Clicking Menu Button
2026-03-14 13:35:27,026 - test_OrangeHRM_Login_002 - INFO - Clicking Logout Button
2026-03-14 13:35:30,164 - test_OrangeHRM_Login_DDT_003 - INFO - Test Passed for Username = Admin
2026-03-14 13:35:30,166 - test_OrangeHRM_Login_DDT_003 - INFO - Test Case Passed
2026-03-14 13:35:30,659 - test_OrangeHRM_Login_002 - INFO - Test Case Completed
2026-03-14 13:35:30,660 - test_OrangeHRM_Login_002 - INFO - ============================================================
2026-03-14 13:35:30,795 - test_OrangeHRM_Login_DDT_003 - INFO - Test Data: Username = Admin1, Password = admin123, Expected Result = Login Failed
2026-03-14 13:35:30,797 - test_OrangeHRM_Login_DDT_003 - INFO - Test Case: Verify OrangeHRM Login
2026-03-14 13:35:32,481 - test_OrangeHRM_Login_DDT_003 - INFO - OrangeHRM Login page Loaded
2026-03-14 13:35:32,481 - test_OrangeHRM_Login_DDT_003 - INFO - Entering Username=Admin1
2026-03-14 13:35:33,320 - test_OrangeHRM_Login_DDT_003 - INFO - Entering Password=admin123
2026-03-14 13:35:33,422 - test_OrangeHRM_Login_DDT_003 - INFO - Clicking Login Button
2026-03-14 13:35:45,662 - test_OrangeHRM_Login_DDT_003 - ERROR - Login Failed for Username = Admin1
2026-03-14 13:35:45,662 - test_OrangeHRM_Login_DDT_003 - INFO - Screenshot saved: Screenshots\test_OrangeHRM_Login_DDT_003_fail_{username}.png
2026-03-14 13:35:45,753 - test_OrangeHRM_Login_DDT_003 - INFO - Test Passed for Username = Admin1
2026-03-14 13:35:45,753 - test_OrangeHRM_Login_DDT_003 - INFO - Test Case Passed
2026-03-14 13:35:46,261 - test_OrangeHRM_Login_DDT_003 - INFO - Test Data: Username = Admin, Password = admin125, Expected Result = Login Failed
2026-03-14 13:35:46,262 - test_OrangeHRM_Login_DDT_003 - INFO - Test Case: Verify OrangeHRM Login
2026-03-14 13:35:47,116 - test_OrangeHRM_Login_DDT_003 - INFO - OrangeHRM Login page Loaded
2026-03-14 13:35:47,117 - test_OrangeHRM_Login_DDT_003 - INFO - Entering Username=Admin
2026-03-14 13:35:47,736 - test_OrangeHRM_Login_DDT_003 - INFO - Entering Password=admin125
2026-03-14 13:35:47,777 - test_OrangeHRM_Login_DDT_003 - INFO - Clicking Login Button
2026-03-14 13:36:00,334 - test_OrangeHRM_Login_DDT_003 - ERROR - Login Failed for Username = Admin
2026-03-14 13:36:00,335 - test_OrangeHRM_Login_DDT_003 - INFO - Screenshot saved: Screenshots\test_OrangeHRM_Login_DDT_003_fail_{username}.png
2026-03-14 13:36:00,427 - test_OrangeHRM_Login_DDT_003 - INFO - Test Passed for Username = Admin
2026-03-14 13:36:00,427 - test_OrangeHRM_Login_DDT_003 - INFO - Test Case Passed
2026-03-14 13:36:00,539 - test_OrangeHRM_Login_DDT_003 - INFO - Test Data: Username = Admin1, Password = admin126, Expected Result = Login Failed
2026-03-14 13:36:00,540 - test_OrangeHRM_Login_DDT_003 - INFO - Test Case: Verify OrangeHRM Login
2026-03-14 13:36:01,426 - test_OrangeHRM_Login_DDT_003 - INFO - OrangeHRM Login page Loaded
2026-03-14 13:36:01,427 - test_OrangeHRM_Login_DDT_003 - INFO - Entering Username=Admin1
2026-03-14 13:36:02,485 - test_OrangeHRM_Login_DDT_003 - INFO - Entering Password=admin126
2026-03-14 13:36:02,528 - test_OrangeHRM_Login_DDT_003 - INFO - Clicking Login Button
2026-03-14 13:36:14,456 - test_OrangeHRM_Login_DDT_003 - ERROR - Login Failed for Username = Admin1
2026-03-14 13:36:14,456 - test_OrangeHRM_Login_DDT_003 - INFO - Screenshot saved: Screenshots\test_OrangeHRM_Login_DDT_003_fail_{username}.png
2026-03-14 13:36:14,512 - test_OrangeHRM_Login_DDT_003 - INFO - Test Passed for Username = Admin1
2026-03-14 13:36:14,513 - test_OrangeHRM_Login_DDT_003 - INFO - Test Case Passed
2026-03-14 13:36:14,599 - test_OrangeHRM_Login_DDT_003 - INFO - Test Results: ['Pass', 'Pass', 'Pass', 'Pass']
2026-03-14 13:36:14,599 - test_OrangeHRM_Login_DDT_003 - INFO - Test Case test_OrangeHRM_Login_DDT_003 Completed
2026-03-14 13:36:14,600 - test_OrangeHRM_Login_DDT_003 - INFO - =============================================================
